1707734357999	geckodriver	INFO	Listening on 127.0.0.1:65064
1707734361037	mozrunner::runner	INFO	Running command: "C:\\Program Files\\Mozilla Firefox\\firefox.exe" "--marionette" "--remote-debugging-port" "65065" "--remote-allow-hosts" "localhost" "-no-remote" "-profile" "C:\\Users\\vladb\\AppData\\Local\\Temp\\rust_mozprofileELzN26"
console.warn: services.settings: Ignoring preference override of remote settings server
console.warn: services.settings: Allow by setting MOZ_REMOTE_SETTINGS_DEVTOOLS=1 in the environment
1707734361317	Marionette	INFO	Marionette enabled
Dynamically enable window occlusion 0
1707734361385	Marionette	INFO	Listening on port 65075
WebDriver BiDi listening on ws://127.0.0.1:65065
Read port: 65075
1707734361556	RemoteAgent	WARN	TLS certificate errors will be ignored for this session
DevTools listening on ws://127.0.0.1:65065/devtools/browser/c4f9359c-5673-430b-8d5f-abf6f4f07c64
console.error: ({})
JavaScript warning: https://z.moatads.com/espndfp832188684382/moatad.js#moatClientLevel1=4755471287&moatClientLevel2=2563506655&moatClientLevel3=5355403338&moatClientLevel4=138362440701&moatClientSlicer1=21782482296&moatClientSlicer2=21792465907&zMoatPS=&zMoatSW=&zMoatAdUnitPath=/21783347309/marvel.com/characters&zMoatMData=&zMoatSZ=728x90&zMoatMGV=&zMoatMSafety=&zMoatMMV=, line 334: WEBGL_debug_renderer_info is deprecated in Firefox and will be removed. Please use RENDERER.
JavaScript warning: https://pagead2.googlesyndication.com/bg/s6Lo-ySsTFszeicWuLCsm9BIHYA2isJaSryvoQutTtY.js line 2 > eval line 6860 > eval line 1 > eval line 1 > eval, line 1: WEBGL_debug_renderer_info is deprecated in Firefox and will be removed. Please use RENDERER.
JavaScript warning: https://cdn.registerdisney.go.com/v4/bundle/web/MARVEL-MARVEL.COM.WEB/en-US?logLevel=INFO, line 13: unreachable code after return statement
1707734370486	Marionette	INFO	Stopped listening on port 65075
JavaScript warning: https://z.moatads.com/espndfp832188684382/moatad.js#moatClientLevel1=4755471287&moatClientLevel2=2563506655&moatClientLevel3=5355403338&moatClientLevel4=138362440701&moatClientSlicer1=21782482296&moatClientSlicer2=21792465907&zMoatPS=&zMoatSW=&zMoatAdUnitPath=/21783347309/marvel.com/characters&zMoatMData=&zMoatSZ=728x90&zMoatMGV=&zMoatMSafety=&zMoatMMV=, line 74: Script terminated by timeout at:
b/<@https://z.moatads.com/espndfp832188684382/moatad.js#moatClientLevel1=4755471287&moatClientLevel2=2563506655&moatClientLevel3=5355403338&moatClientLevel4=138362440701&moatClientSlicer1=21782482296&moatClientSlicer2=21792465907&zMoatPS=&zMoatSW=&zMoatAdUnitPath=/21783347309/marvel.com/characters&zMoatMData=&zMoatSZ=728x90&zMoatMGV=&zMoatMSafety=&zMoatMMV=:74:291

Dynamically enable window occlusion 1
JavaScript error: , line 0: TypeError: NetworkError when attempting to fetch resource.
JavaScript error: , line 0: TypeError: NetworkError when attempting to fetch resource.
1707734457695	geckodriver	INFO	Listening on 127.0.0.1:65176
1707734460743	mozrunner::runner	INFO	Running command: "C:\\Program Files\\Mozilla Firefox\\firefox.exe" "--marionette" "--remote-debugging-port" "65177" "--remote-allow-hosts" "localhost" "-no-remote" "-profile" "C:\\Users\\vladb\\AppData\\Local\\Temp\\rust_mozprofileORCzxu"
console.warn: services.settings: Ignoring preference override of remote settings server
console.warn: services.settings: Allow by setting MOZ_REMOTE_SETTINGS_DEVTOOLS=1 in the environment
1707734460985	Marionette	INFO	Marionette enabled
Dynamically enable window occlusion 0
1707734461042	Marionette	INFO	Listening on port 65184
Read port: 65184
WebDriver BiDi listening on ws://127.0.0.1:65177
1707734461093	RemoteAgent	WARN	TLS certificate errors will be ignored for this session
DevTools listening on ws://127.0.0.1:65177/devtools/browser/816ab378-d926-44ea-882a-f591eb2cd041
console.error: ({})
JavaScript warning: https://z.moatads.com/espndfp832188684382/moatad.js#moatClientLevel1=4755471287&moatClientLevel2=2563506655&moatClientLevel3=5355403338&moatClientLevel4=138362440701&moatClientSlicer1=21782482296&moatClientSlicer2=21792465907&zMoatPS=&zMoatSW=&zMoatAdUnitPath=/21783347309/marvel.com/characters&zMoatMData=&zMoatSZ=728x90&zMoatMGV=&zMoatMSafety=&zMoatMMV=, line 334: WEBGL_debug_renderer_info is deprecated in Firefox and will be removed. Please use RENDERER.
JavaScript warning: https://pagead2.googlesyndication.com/bg/s6Lo-ySsTFszeicWuLCsm9BIHYA2isJaSryvoQutTtY.js line 2 > eval line 6886 > eval line 1 > eval line 1 > eval, line 1: WEBGL_debug_renderer_info is deprecated in Firefox and will be removed. Please use RENDERER.
JavaScript warning: https://cdn.registerdisney.go.com/v4/bundle/web/MARVEL-MARVEL.COM.WEB/en-US?logLevel=INFO, line 13: unreachable code after return statement
1707734469338	Marionette	INFO	Stopped listening on port 65184
JavaScript warning: https://www.marvel.com/characters, line 2: Script terminated by timeout at:
nrWrapper@https://www.marvel.com/characters:2:16357

Dynamically enable window occlusion 1
JavaScript error: , line 0: TypeError: NetworkError when attempting to fetch resource.
JavaScript error: , line 0: TypeError: NetworkError when attempting to fetch resource.
1707735520158	geckodriver	INFO	Listening on 127.0.0.1:65388
1707735523204	mozrunner::runner	INFO	Running command: "C:\\Program Files\\Mozilla Firefox\\firefox.exe" "--marionette" "--remote-debugging-port" "65389" "--remote-allow-hosts" "localhost" "-no-remote" "-profile" "C:\\Users\\vladb\\AppData\\Local\\Temp\\rust_mozprofileLTLLxY"
console.warn: services.settings: Ignoring preference override of remote settings server
console.warn: services.settings: Allow by setting MOZ_REMOTE_SETTINGS_DEVTOOLS=1 in the environment
1707735523470	Marionette	INFO	Marionette enabled
Dynamically enable window occlusion 0
1707735523534	Marionette	INFO	Listening on port 65396
WebDriver BiDi listening on ws://127.0.0.1:65389
Read port: 65396
1707735523691	RemoteAgent	WARN	TLS certificate errors will be ignored for this session
DevTools listening on ws://127.0.0.1:65389/devtools/browser/4d3fddea-d476-4641-a031-d74035826890
console.error: ({})
JavaScript warning: https://z.moatads.com/espndfp832188684382/moatad.js#moatClientLevel1=4755471287&moatClientLevel2=2563506655&moatClientLevel3=5355403338&moatClientLevel4=138362440701&moatClientSlicer1=21782482296&moatClientSlicer2=21792465907&zMoatPS=&zMoatSW=&zMoatAdUnitPath=/21783347309/marvel.com/characters&zMoatMData=&zMoatSZ=728x90&zMoatMGV=&zMoatMSafety=&zMoatMMV=, line 334: WEBGL_debug_renderer_info is deprecated in Firefox and will be removed. Please use RENDERER.
JavaScript warning: https://cdn.registerdisney.go.com/v4/bundle/web/MARVEL-MARVEL.COM.WEB/en-US?logLevel=INFO, line 13: unreachable code after return statement
JavaScript warning: https://pagead2.googlesyndication.com/bg/s6Lo-ySsTFszeicWuLCsm9BIHYA2isJaSryvoQutTtY.js line 2 > eval line 4441 > eval line 1 > eval line 1 > eval, line 1: WEBGL_debug_renderer_info is deprecated in Firefox and will be removed. Please use RENDERER.
1707735530508	Marionette	INFO	Stopped listening on port 65396
JavaScript warning: https://www.gstatic.com/recaptcha/releases/x5WWoE57Fv0d6ATKsLDIAKnt/recaptcha__en.js, line 997: Script terminated by timeout at:
TF.prototype.oY@https://www.gstatic.com/recaptcha/releases/x5WWoE57Fv0d6ATKsLDIAKnt/recaptcha__en.js:997:260

JavaScript warning: https://z.moatads.com/espndfp832188684382/moatad.js#moatClientLevel1=4755471287&moatClientLevel2=2563506655&moatClientLevel3=5355403338&moatClientLevel4=138362440701&moatClientSlicer1=21782482296&moatClientSlicer2=21792465907&zMoatPS=&zMoatSW=&zMoatAdUnitPath=/21783347309/marvel.com/characters&zMoatMData=&zMoatSZ=728x90&zMoatMGV=&zMoatMSafety=&zMoatMMV=, line 74: Script terminated by timeout at:
b/<@https://z.moatads.com/espndfp832188684382/moatad.js#moatClientLevel1=4755471287&moatClientLevel2=2563506655&moatClientLevel3=5355403338&moatClientLevel4=138362440701&moatClientSlicer1=21782482296&moatClientSlicer2=21792465907&zMoatPS=&zMoatSW=&zMoatAdUnitPath=/21783347309/marvel.com/characters&zMoatMData=&zMoatSZ=728x90&zMoatMGV=&zMoatMSafety=&zMoatMMV=:74:291

Dynamically enable window occlusion 1
JavaScript error: , line 0: TypeError: NetworkError when attempting to fetch resource.
JavaScript error: , line 0: TypeError: NetworkError when attempting to fetch resource.
1707735728816	geckodriver	INFO	Listening on 127.0.0.1:65500
1707735731876	mozrunner::runner	INFO	Running command: "C:\\Program Files\\Mozilla Firefox\\firefox.exe" "--marionette" "--remote-debugging-port" "65501" "--remote-allow-hosts" "localhost" "-no-remote" "-profile" "C:\\Users\\vladb\\AppData\\Local\\Temp\\rust_mozprofileuDpYtX"
console.warn: services.settings: Ignoring preference override of remote settings server
console.warn: services.settings: Allow by setting MOZ_REMOTE_SETTINGS_DEVTOOLS=1 in the environment
1707735732141	Marionette	INFO	Marionette enabled
Dynamically enable window occlusion 0
1707735732201	Marionette	INFO	Listening on port 65510
WebDriver BiDi listening on ws://127.0.0.1:65501
Read port: 65510
1707735732366	RemoteAgent	WARN	TLS certificate errors will be ignored for this session
DevTools listening on ws://127.0.0.1:65501/devtools/browser/d3be9f00-b2b9-424c-ac70-441219b653e2
console.error: ({})
JavaScript warning: https://cdn.registerdisney.go.com/v4/bundle/web/MARVEL-MARVEL.COM.WEB/en-US?logLevel=INFO, line 13: unreachable code after return statement
JavaScript warning: https://z.moatads.com/espndfp832188684382/moatad.js#moatClientLevel1=4755471287&moatClientLevel2=2563506655&moatClientLevel3=5355403338&moatClientLevel4=138362440701&moatClientSlicer1=21782482296&moatClientSlicer2=21792465907&zMoatPS=&zMoatSW=&zMoatAdUnitPath=/21783347309/marvel.com/characters&zMoatMData=&zMoatSZ=728x90&zMoatMGV=&zMoatMSafety=&zMoatMMV=, line 334: WEBGL_debug_renderer_info is deprecated in Firefox and will be removed. Please use RENDERER.
JavaScript warning: https://pagead2.googlesyndication.com/bg/s6Lo-ySsTFszeicWuLCsm9BIHYA2isJaSryvoQutTtY.js line 2 > eval line 2074 > eval line 1 > eval line 1 > eval, line 1: WEBGL_debug_renderer_info is deprecated in Firefox and will be removed. Please use RENDERER.
1707735739247	Marionette	INFO	Stopped listening on port 65510
JavaScript warning: https://www.marvel.com/characters, line 2: Script terminated by timeout at:
nrWrapper@https://www.marvel.com/characters:2:16357

Dynamically enable window occlusion 1
JavaScript error: , line 0: TypeError: NetworkError when attempting to fetch resource.
JavaScript error: , line 0: TypeError: NetworkError when attempting to fetch resource.
1707735753582	geckodriver	INFO	Listening on 127.0.0.1:49232
1707735756651	mozrunner::runner	INFO	Running command: "C:\\Program Files\\Mozilla Firefox\\firefox.exe" "--marionette" "--remote-debugging-port" "49233" "--remote-allow-hosts" "localhost" "-no-remote" "-profile" "C:\\Users\\vladb\\AppData\\Local\\Temp\\rust_mozprofilecs2s6v"
console.warn: services.settings: Ignoring preference override of remote settings server
console.warn: services.settings: Allow by setting MOZ_REMOTE_SETTINGS_DEVTOOLS=1 in the environment
1707735756922	Marionette	INFO	Marionette enabled
Dynamically enable window occlusion 0
1707735756987	Marionette	INFO	Listening on port 49240
WebDriver BiDi listening on ws://127.0.0.1:49233
Read port: 49240
1707735757148	RemoteAgent	WARN	TLS certificate errors will be ignored for this session
DevTools listening on ws://127.0.0.1:49233/devtools/browser/1be5fcb3-e8aa-4f94-9189-9332cb0b034a
console.error: ({})
JavaScript warning: https://z.moatads.com/espndfp832188684382/moatad.js#moatClientLevel1=4755471287&moatClientLevel2=2563506655&moatClientLevel3=5355403338&moatClientLevel4=138362752048&moatClientSlicer1=21782482296&moatClientSlicer2=21792465907&zMoatPS=&zMoatSW=&zMoatAdUnitPath=/21783347309/marvel.com/characters&zMoatMData=&zMoatSZ=970x250&zMoatMGV=&zMoatMSafety=&zMoatMMV=, line 334: WEBGL_debug_renderer_info is deprecated in Firefox and will be removed. Please use RENDERER.
JavaScript warning: https://cdn.registerdisney.go.com/v4/bundle/web/MARVEL-MARVEL.COM.WEB/en-US?logLevel=INFO, line 13: unreachable code after return statement
JavaScript warning: https://pagead2.googlesyndication.com/bg/s6Lo-ySsTFszeicWuLCsm9BIHYA2isJaSryvoQutTtY.js line 2 > eval line 2977 > eval line 1 > eval line 1 > eval, line 1: WEBGL_debug_renderer_info is deprecated in Firefox and will be removed. Please use RENDERER.
1707735765656	Marionette	INFO	Stopped listening on port 49240
JavaScript warning: https://www.gstatic.com/recaptcha/releases/x5WWoE57Fv0d6ATKsLDIAKnt/recaptcha__en.js, line 997: Script terminated by timeout at:
TF.prototype.oY@https://www.gstatic.com/recaptcha/releases/x5WWoE57Fv0d6ATKsLDIAKnt/recaptcha__en.js:997:260

JavaScript warning: https://z.moatads.com/espndfp832188684382/moatad.js#moatClientLevel1=4755471287&moatClientLevel2=2563506655&moatClientLevel3=5355403338&moatClientLevel4=138362752048&moatClientSlicer1=21782482296&moatClientSlicer2=21792465907&zMoatPS=&zMoatSW=&zMoatAdUnitPath=/21783347309/marvel.com/characters&zMoatMData=&zMoatSZ=970x250&zMoatMGV=&zMoatMSafety=&zMoatMMV=, line 74: Script terminated by timeout at:
b/<@https://z.moatads.com/espndfp832188684382/moatad.js#moatClientLevel1=4755471287&moatClientLevel2=2563506655&moatClientLevel3=5355403338&moatClientLevel4=138362752048&moatClientSlicer1=21782482296&moatClientSlicer2=21792465907&zMoatPS=&zMoatSW=&zMoatAdUnitPath=/21783347309/marvel.com/characters&zMoatMData=&zMoatSZ=970x250&zMoatMGV=&zMoatMSafety=&zMoatMMV=:74:291

Dynamically enable window occlusion 1
JavaScript error: , line 0: TypeError: NetworkError when attempting to fetch resource.
JavaScript error: , line 0: TypeError: NetworkError when attempting to fetch resource.
1707735899917	geckodriver	INFO	Listening on 127.0.0.1:49348
1707735902964	mozrunner::runner	INFO	Running command: "C:\\Program Files\\Mozilla Firefox\\firefox.exe" "--marionette" "--remote-debugging-port" "49349" "--remote-allow-hosts" "localhost" "-no-remote" "-profile" "C:\\Users\\vladb\\AppData\\Local\\Temp\\rust_mozprofileFHA1yS"
console.warn: services.settings: Ignoring preference override of remote settings server
console.warn: services.settings: Allow by setting MOZ_REMOTE_SETTINGS_DEVTOOLS=1 in the environment
1707735903212	Marionette	INFO	Marionette enabled
Dynamically enable window occlusion 0
1707735903269	Marionette	INFO	Listening on port 49356
WebDriver BiDi listening on ws://127.0.0.1:49349
Read port: 49356
1707735903411	RemoteAgent	WARN	TLS certificate errors will be ignored for this session
DevTools listening on ws://127.0.0.1:49349/devtools/browser/6a1b7f9f-69d2-47b1-8951-6e9adebf348d
console.error: ({})
JavaScript warning: https://z.moatads.com/espndfp832188684382/moatad.js#moatClientLevel1=4755471287&moatClientLevel2=2563506655&moatClientLevel3=5355403338&moatClientLevel4=138362440701&moatClientSlicer1=21782482296&moatClientSlicer2=21792465907&zMoatPS=&zMoatSW=&zMoatAdUnitPath=/21783347309/marvel.com/characters&zMoatMData=&zMoatSZ=728x90&zMoatMGV=&zMoatMSafety=&zMoatMMV=, line 334: WEBGL_debug_renderer_info is deprecated in Firefox and will be removed. Please use RENDERER.
JavaScript warning: https://pagead2.googlesyndication.com/bg/s6Lo-ySsTFszeicWuLCsm9BIHYA2isJaSryvoQutTtY.js line 2 > eval line 5194 > eval line 1 > eval line 1 > eval, line 1: WEBGL_debug_renderer_info is deprecated in Firefox and will be removed. Please use RENDERER.
JavaScript warning: https://cdn.registerdisney.go.com/v4/bundle/web/MARVEL-MARVEL.COM.WEB/en-US?logLevel=INFO, line 13: unreachable code after return statement
1707735933225	addons.xpi	ERROR	System addon update list error SyntaxError: XMLHttpRequest.open: 'http://%(server)s/dummy-system-addons.xml' is not a valid URL.
JavaScript warning: https://pagead2.googlesyndication.com/pagead/managed/js/activeview/current/ufs_web_display.js, line 47: Script terminated by timeout at:
Sa.prototype.flush@https://pagead2.googlesyndication.com/pagead/managed/js/activeview/current/ufs_web_display.js:47:64
Ua@https://pagead2.googlesyndication.com/pagead/managed/js/activeview/current/ufs_web_display.js:46:466
Th/c/</<@https://pagead2.googlesyndication.com/pagead/managed/js/activeview/current/ufs_web_display.js:153:292
n.Fd@https://pagead2.googlesyndication.com/pagead/managed/js/activeview/current/ufs_web_display.js:78:425
n.next@https://pagead2.googlesyndication.com/pagead/managed/js/activeview/current/ufs_web_display.js:77:439
n.o@https://pagead2.googlesyndication.com/pagead/managed/js/activeview/current/ufs_web_display.js:76:223
n.next@https://pagead2.googlesyndication.com/pagead/managed/js/activeview/current/ufs_web_display.js:75:859
Ue.prototype.o@https://pagead2.googlesyndication.com/pagead/managed/js/activeview/current/ufs_web_display.js:113:248
n.next@https://pagead2.googlesyndication.com/pagead/managed/js/activeview/current/ufs_web_display.js:75:859
Oc.prototype.o@https://pagead2.googlesyndication.com/pagead/managed/js/activeview/current/ufs_web_display.js:88:601
n.next@https://pagead2.googlesyndication.com/pagead/managed/js/activeview/current/ufs_web_display.js:75:859
Ue.prototype.o@https://pagead2.googlesyndication.com/pagead/managed/js/activeview/current/ufs_web_display.js:113:248
n.next@https://pagead2.googlesyndication.com/pagead/managed/js/activeview/current/ufs_web_display.js:75:859
Oc.prototype.o@https://pagead2.googlesyndication.com/pagead/managed/js/activeview/current/ufs_web_display.js:88:601
n.next@https://pagead2.googlesyndication.com/pagead/managed/js/activeview/current/ufs_web_display.js:75:859
Gg/</</</<@https://pagead2.googlesyndication.com/pagead/managed/js/activeview/current/ufs_web_display.js:136:237
Ra.prototype.Yb/<@https://pagead2.googlesyndication.com/pagead/managed/js/activeview/current/ufs_web_display.js:46:298
Gg/</</<@https://pagead2.googlesyndication.com/pagead/managed/js/activeview/current/ufs_web_display.js:136:246
n.Fd@https://pagead2.googlesyndication.com/pagead/managed/js/activeview/current/ufs_web_display.js:78:425
n.next@https://pagead2.googlesyndication.com/pagead/managed/js/activeview/current/ufs_web_display.js:77:439
n.o@https://pagead2.googlesyndication.com/pagead/managed/js/activeview/current/ufs_web_display.js:76:223
n.next@https://pagead2.googlesyndication.com/pagead/managed/js/activeview/current/ufs_web_display.js:75:859
md.prototype.sa@https://pagead2.googlesyndication.com/pagead/managed/js/activeview/current/ufs_web_display.js:96:172
Yc.prototype.o@https://pagead2.googlesyndication.com/pagead/managed/js/activeview/current/ufs_web_display.js:90:1054
n.next@https://pagead2.googlesyndication.com/pagead/managed/js/activeview/current/ufs_web_display.js:75:859
pd/</<@https://pagead2.googlesyndication.com/pagead/managed/js/activeview/current/ufs_web_display.js:96:671

1707735937556	Marionette	INFO	Stopped listening on port 49356
Dynamically enable window occlusion 1
JavaScript error: , line 0: TypeError: NetworkError when attempting to fetch resource.
1707735952070	geckodriver	INFO	Listening on 127.0.0.1:49457
1707735955106	mozrunner::runner	INFO	Running command: "C:\\Program Files\\Mozilla Firefox\\firefox.exe" "--marionette" "--remote-debugging-port" "49458" "--remote-allow-hosts" "localhost" "-no-remote" "-profile" "C:\\Users\\vladb\\AppData\\Local\\Temp\\rust_mozprofilejlbsyb"
console.warn: services.settings: Ignoring preference override of remote settings server
console.warn: services.settings: Allow by setting MOZ_REMOTE_SETTINGS_DEVTOOLS=1 in the environment
1707735955353	Marionette	INFO	Marionette enabled
Dynamically enable window occlusion 0
1707735955408	Marionette	INFO	Listening on port 49465
WebDriver BiDi listening on ws://127.0.0.1:49458
Read port: 49465
1707735955558	RemoteAgent	WARN	TLS certificate errors will be ignored for this session
DevTools listening on ws://127.0.0.1:49458/devtools/browser/e8bcb5f5-2c26-4559-a9ae-cbfeb02d0091
console.error: ({})
JavaScript warning: https://z.moatads.com/espndfp832188684382/moatad.js#moatClientLevel1=4755471287&moatClientLevel2=2563506655&moatClientLevel3=5355403338&moatClientLevel4=138362440701&moatClientSlicer1=21782482296&moatClientSlicer2=21792465907&zMoatPS=&zMoatSW=&zMoatAdUnitPath=/21783347309/marvel.com/characters&zMoatMData=&zMoatSZ=728x90&zMoatMGV=&zMoatMSafety=&zMoatMMV=, line 334: WEBGL_debug_renderer_info is deprecated in Firefox and will be removed. Please use RENDERER.
JavaScript warning: https://pagead2.googlesyndication.com/bg/s6Lo-ySsTFszeicWuLCsm9BIHYA2isJaSryvoQutTtY.js line 2 > eval line 1902 > eval line 1 > eval line 1 > eval, line 1: WEBGL_debug_renderer_info is deprecated in Firefox and will be removed. Please use RENDERER.
JavaScript warning: https://cdn.registerdisney.go.com/v4/bundle/web/MARVEL-MARVEL.COM.WEB/en-US?logLevel=INFO, line 13: unreachable code after return statement
1707735963632	Marionette	INFO	Stopped listening on port 49465
JavaScript warning: https://www.gstatic.com/recaptcha/releases/x5WWoE57Fv0d6ATKsLDIAKnt/recaptcha__en.js, line 997: Script terminated by timeout at:
TF.prototype.oY@https://www.gstatic.com/recaptcha/releases/x5WWoE57Fv0d6ATKsLDIAKnt/recaptcha__en.js:997:260

JavaScript warning: https://www.marvel.com/characters, line 2: Script terminated by timeout at:
nrWrapper@https://www.marvel.com/characters:2:16357

Dynamically enable window occlusion 1
JavaScript error: , line 0: TypeError: NetworkError when attempting to fetch resource.
JavaScript error: , line 0: TypeError: NetworkError when attempting to fetch resource.
1707736000444	geckodriver	INFO	Listening on 127.0.0.1:49570
1707736003463	mozrunner::runner	INFO	Running command: "C:\\Program Files\\Mozilla Firefox\\firefox.exe" "--marionette" "--remote-debugging-port" "49571" "--remote-allow-hosts" "localhost" "-no-remote" "-profile" "C:\\Users\\vladb\\AppData\\Local\\Temp\\rust_mozprofileLZaNdb"
console.warn: services.settings: Ignoring preference override of remote settings server
console.warn: services.settings: Allow by setting MOZ_REMOTE_SETTINGS_DEVTOOLS=1 in the environment
1707736003707	Marionette	INFO	Marionette enabled
Dynamically enable window occlusion 0
1707736003764	Marionette	INFO	Listening on port 49578
WebDriver BiDi listening on ws://127.0.0.1:49571
Read port: 49578
1707736003907	RemoteAgent	WARN	TLS certificate errors will be ignored for this session
DevTools listening on ws://127.0.0.1:49571/devtools/browser/d4c37f52-1ab2-4041-b5c0-38c98771f1e6
console.error: ({})
JavaScript warning: https://z.moatads.com/espndfp832188684382/moatad.js#moatClientLevel1=4755471287&moatClientLevel2=2563506655&moatClientLevel3=5355403338&moatClientLevel4=138362752048&moatClientSlicer1=21782482296&moatClientSlicer2=21792465907&zMoatPS=&zMoatSW=&zMoatAdUnitPath=/21783347309/marvel.com/characters&zMoatMData=&zMoatSZ=970x250&zMoatMGV=&zMoatMSafety=&zMoatMMV=, line 334: WEBGL_debug_renderer_info is deprecated in Firefox and will be removed. Please use RENDERER.
JavaScript warning: https://pagead2.googlesyndication.com/bg/s6Lo-ySsTFszeicWuLCsm9BIHYA2isJaSryvoQutTtY.js line 2 > eval line 3159 > eval line 1 > eval line 1 > eval, line 1: WEBGL_debug_renderer_info is deprecated in Firefox and will be removed. Please use RENDERER.
JavaScript warning: https://cdn.registerdisney.go.com/v4/bundle/web/MARVEL-MARVEL.COM.WEB/en-US?logLevel=INFO, line 13: unreachable code after return statement
1707736010210	Marionette	INFO	Stopped listening on port 49578
JavaScript warning: https://z.moatads.com/espndfp832188684382/moatad.js#moatClientLevel1=4755471287&moatClientLevel2=2563506655&moatClientLevel3=5355403338&moatClientLevel4=138362752048&moatClientSlicer1=21782482296&moatClientSlicer2=21792465907&zMoatPS=&zMoatSW=&zMoatAdUnitPath=/21783347309/marvel.com/characters&zMoatMData=&zMoatSZ=970x250&zMoatMGV=&zMoatMSafety=&zMoatMMV=, line 74: Script terminated by timeout at:
b/<@https://z.moatads.com/espndfp832188684382/moatad.js#moatClientLevel1=4755471287&moatClientLevel2=2563506655&moatClientLevel3=5355403338&moatClientLevel4=138362752048&moatClientSlicer1=21782482296&moatClientSlicer2=21792465907&zMoatPS=&zMoatSW=&zMoatAdUnitPath=/21783347309/marvel.com/characters&zMoatMData=&zMoatSZ=970x250&zMoatMGV=&zMoatMSafety=&zMoatMMV=:74:291

JavaScript warning: https://www.gstatic.com/recaptcha/releases/x5WWoE57Fv0d6ATKsLDIAKnt/recaptcha__en.js, line 997: Script terminated by timeout at:
TF.prototype.oY@https://www.gstatic.com/recaptcha/releases/x5WWoE57Fv0d6ATKsLDIAKnt/recaptcha__en.js:997:260

Dynamically enable window occlusion 1
JavaScript error: , line 0: TypeError: NetworkError when attempting to fetch resource.
JavaScript error: , line 0: TypeError: NetworkError when attempting to fetch resource.
1707736147275	geckodriver	INFO	Listening on 127.0.0.1:49683
1707736150322	mozrunner::runner	INFO	Running command: "C:\\Program Files\\Mozilla Firefox\\firefox.exe" "--marionette" "--remote-debugging-port" "49684" "--remote-allow-hosts" "localhost" "-no-remote" "-profile" "C:\\Users\\vladb\\AppData\\Local\\Temp\\rust_mozprofileltO7ch"
console.warn: services.settings: Ignoring preference override of remote settings server
console.warn: services.settings: Allow by setting MOZ_REMOTE_SETTINGS_DEVTOOLS=1 in the environment
1707736150565	Marionette	INFO	Marionette enabled
Dynamically enable window occlusion 0
1707736150620	Marionette	INFO	Listening on port 49691
WebDriver BiDi listening on ws://127.0.0.1:49684
Read port: 49691
1707736151225	RemoteAgent	WARN	TLS certificate errors will be ignored for this session
DevTools listening on ws://127.0.0.1:49684/devtools/browser/6e3b6879-cbb7-4b46-8cd1-11b73ce58192
console.error: ({})
JavaScript warning: https://cdn.registerdisney.go.com/v4/bundle/web/MARVEL-MARVEL.COM.WEB/en-US?logLevel=INFO, line 13: unreachable code after return statement
JavaScript warning: https://z.moatads.com/espndfp832188684382/moatad.js#moatClientLevel1=4755471287&moatClientLevel2=2563506655&moatClientLevel3=5355403338&moatClientLevel4=138362752048&moatClientSlicer1=21782482296&moatClientSlicer2=21792465907&zMoatPS=&zMoatSW=&zMoatAdUnitPath=/21783347309/marvel.com/characters&zMoatMData=&zMoatSZ=970x250&zMoatMGV=&zMoatMSafety=&zMoatMMV=, line 334: WEBGL_debug_renderer_info is deprecated in Firefox and will be removed. Please use RENDERER.
JavaScript warning: https://pagead2.googlesyndication.com/bg/s6Lo-ySsTFszeicWuLCsm9BIHYA2isJaSryvoQutTtY.js line 2 > eval line 6570 > eval line 1 > eval line 1 > eval, line 1: WEBGL_debug_renderer_info is deprecated in Firefox and will be removed. Please use RENDERER.
JavaScript warning: https://pagead2.googlesyndication.com/pagead/managed/js/activeview/current/ufs_web_display.js, line 46: Script terminated by timeout at:
Ta@https://pagead2.googlesyndication.com/pagead/managed/js/activeview/current/ufs_web_display.js:46:517
Ua@https://pagead2.googlesyndication.com/pagead/managed/js/activeview/current/ufs_web_display.js:46:419
k@https://pagead2.googlesyndication.com/pagead/managed/js/activeview/current/ufs_web_display.js:238:1946
cn/</m</<@https://pagead2.googlesyndication.com/pagead/managed/js/activeview/current/ufs_web_display.js:238:2214
n.Fd@https://pagead2.googlesyndication.com/pagead/managed/js/activeview/current/ufs_web_display.js:78:425
n.next@https://pagead2.googlesyndication.com/pagead/managed/js/activeview/current/ufs_web_display.js:77:439
n.o@https://pagead2.googlesyndication.com/pagead/managed/js/activeview/current/ufs_web_display.js:76:223
n.next@https://pagead2.googlesyndication.com/pagead/managed/js/activeview/current/ufs_web_display.js:75:859
Of.prototype.o@https://pagead2.googlesyndication.com/pagead/managed/js/activeview/current/ufs_web_display.js:121:115
n.next@https://pagead2.googlesyndication.com/pagead/managed/js/activeview/current/ufs_web_display.js:75:859
next@https://pagead2.googlesyndication.com/pagead/managed/js/activeview/current/ufs_web_display.js:110:194
n.o@https://pagead2.googlesyndication.com/pagead/managed/js/activeview/current/ufs_web_display.js:76:223
n.next@https://pagead2.googlesyndication.com/pagead/managed/js/activeview/current/ufs_web_display.js:75:859
Oc.prototype.o@https://pagead2.googlesyndication.com/pagead/managed/js/activeview/current/ufs_web_display.js:88:601
n.next@https://pagead2.googlesyndication.com/pagead/managed/js/activeview/current/ufs_web_display.js:75:859
Ue.prototype.o@https://pagead2.googlesyndication.com/pagead/managed/js/activeview/current/ufs_web_display.js:113:248
n.next@https://pagead2.googlesyndication.com/pagead/managed/js/activeview/current/ufs_web_display.js:75:859
n.sa@https://pagead2.googlesyndication.com/pagead/managed/js/activeview/current/ufs_web_display.js:120:219
Yc.prototype.o@https://pagead2.googlesyndication.com/pagead/managed/js/activeview/current/ufs_web_display.js:90:1054
n.next@https://pagead2.googlesyndication.com/pagead/managed/js/activeview/current/ufs_web_display.js:75:859
n.sa@https://pagead2.googlesyndication.com/pagead/managed/js/activeview/current/ufs_web_display.js:120:219
Yc.prototype.o@https://pagead2.googlesyndication.com/pagead/managed/js/activeview/current/ufs_web_display.js:90:1054
n.next@https://pagead2.googlesyndication.com/pagead/managed/js/activeview/current/ufs_web_display.js:75:859
Ue.prototype.o@https://pagead2.googlesyndication.com/pagead/managed/js/activeview/current/ufs_web_display.js:113:248
n.next@https://pagead2.googlesyndication.com/pagead/managed/js/activeview/current/ufs_web_display.js:75:859
Oc.prototype.o@https://pagead2.googlesyndication.com/pagead/managed/js/activeview/current/ufs_web_display.js:88:601
n.next@https://pagead2.googlesyndication.com/pagead/managed/js/activeview/current/ufs_web_display.js:75:859
Oc.prototype.o@https://pagead2.googlesyndication.com/pagead/managed/js/activeview/current/ufs_web_display.js:88:601
n.next@https://pagead2.googlesyndication.com/pagead/managed/js/activeview/current/ufs_web_display.js:75:859
Th/c/</</<@https://pagead2.googlesyndication.com/pagead/managed/js/activeview/current/ufs_web_display.js:153:320
Va@https://pagead2.googlesyndication.com/pagead/managed/js/activeview/current/ufs_web_display.js:47:339
Sa.prototype.flush@https://pagead2.googlesyndication.com/pagead/managed/js/activeview/current/ufs_web_display.js:47:127
Ua@https://pagead2.googlesyndication.com/pagead/managed/js/activeview/current/ufs_web_display.js:46:466
Th/c/</<@https://pagead2.googlesyndication.com/pagead/managed/js/activeview/current/ufs_web_display.js:153:292
n.Fd@https://pagead2.googlesyndication.com/pagead/managed/js/activeview/current/ufs_web_display.js:78:425
n.next@https://pagead2.googlesyndication.com/pagead/managed/js/activeview/current/ufs_web_display.js:77:439
n.o@https://pagead2.googlesyndication.com/pagead/managed/js/activeview/current/ufs_web_display.js:76:223
n.next@https://pagead2.googlesyndication.com/pagead/managed/js/activeview/current/ufs_web_display.js:75:859
Ue.prototype.o@https://pagead2.googlesyndication.com/pagead/managed/js/activeview/current/ufs_web_display.js:113:248
n.next@https://pagead2.googlesyndication.com/pagead/managed/js/activeview/current/ufs_web_display.js:75:859
Oc.prototype.o@https://pagead2.googlesyndication.com/pagead/managed/js/activeview/current/ufs_web_display.js:88:601
n.next@https://pagead2.googlesyndication.com/pagead/managed/js/activeview/current/ufs_web_display.js:75:859
Ue.prototype.o@https://pagead2.googlesyndication.com/pagead/managed/js/activeview/current/ufs_web_display.js:113:248
n.next@https://pagead2.googlesyndication.com/pagead/managed/js/activeview/current/ufs_web_display.js:75:859
Oc.prototype.o@https://pagead2.googlesyndication.com/pagead/managed/js/activeview/current/ufs_web_display.js:88:601
n.next@https://pagead2.googlesyndication.com/pagead/managed/js/activeview/current/ufs_web_display.js:75:859
Gg/</</</<@https://pagead2.googlesyndication.com/pagead/managed/js/activeview/current/ufs_web_display.js:136:237
Ra.prototype.Yb/<@https://pagead2.googlesyndication.com/pagead/managed/js/activeview/current/ufs_web_display.js:46:298
Gg/</</<@https://pagead2.googlesyndication.com/pagead/managed/js/activeview/current/ufs_web_display.js:136:246
n.Fd@https://pagead2.googlesyndication.com/pagead/managed/js/activeview/current/ufs_web_display.js:78:425
n.next@https://pagead2.googlesyndication.com/pagead/managed/js/activeview/current/ufs_web_display.js:77:439
n.o@https://pagead2.googlesyndication.com/pagead/managed/js/activeview/current/ufs_web_display.js:76:223
n.next@https://pagead2.googlesyndication.com/pagead/managed/js/activeview/current/ufs_web_display.js:75:859
md.prototype.sa@https://pagead2.googlesyndication.com/pagead/managed/js/activeview/current/ufs_web_display.js:96:172
Yc.prototype.o@https://pagead2.googlesyndication.com/pagead/managed/js/activeview/current/ufs_web_display.js:90:1054
n.next@https://pagead2.googlesyndication.com/pagead/managed/js/activeview/current/ufs_web_display.js:75:859
pd/</<@https://pagead2.googlesyndication.com/pagead/managed/js/activeview/current/ufs_web_display.js:96:671

1707736162780	Marionette	INFO	Stopped listening on port 49691
Dynamically enable window occlusion 1
JavaScript error: , line 0: TypeError: NetworkError when attempting to fetch resource.
1707736200365	geckodriver	INFO	Listening on 127.0.0.1:49784
1707736203389	mozrunner::runner	INFO	Running command: "C:\\Program Files\\Mozilla Firefox\\firefox.exe" "--marionette" "--remote-debugging-port" "49785" "--remote-allow-hosts" "localhost" "-no-remote" "-profile" "C:\\Users\\vladb\\AppData\\Local\\Temp\\rust_mozprofileeBxUQO"
console.warn: services.settings: Ignoring preference override of remote settings server
console.warn: services.settings: Allow by setting MOZ_REMOTE_SETTINGS_DEVTOOLS=1 in the environment
1707736203633	Marionette	INFO	Marionette enabled
Dynamically enable window occlusion 0
1707736203692	Marionette	INFO	Listening on port 49792
WebDriver BiDi listening on ws://127.0.0.1:49785
Read port: 49792
1707736203834	RemoteAgent	WARN	TLS certificate errors will be ignored for this session
DevTools listening on ws://127.0.0.1:49785/devtools/browser/f6cc77c8-93e2-40a4-a508-9f4b7c332570
console.error: ({})
JavaScript warning: https://z.moatads.com/espndfp832188684382/moatad.js#moatClientLevel1=4755471287&moatClientLevel2=2563506655&moatClientLevel3=5355403338&moatClientLevel4=138362752048&moatClientSlicer1=21782482296&moatClientSlicer2=21792465907&zMoatPS=&zMoatSW=&zMoatAdUnitPath=/21783347309/marvel.com/characters&zMoatMData=&zMoatSZ=970x250&zMoatMGV=&zMoatMSafety=&zMoatMMV=, line 334: WEBGL_debug_renderer_info is deprecated in Firefox and will be removed. Please use RENDERER.
JavaScript warning: https://pagead2.googlesyndication.com/bg/s6Lo-ySsTFszeicWuLCsm9BIHYA2isJaSryvoQutTtY.js line 2 > eval line 1017 > eval line 1 > eval line 1 > eval, line 1: WEBGL_debug_renderer_info is deprecated in Firefox and will be removed. Please use RENDERER.
JavaScript warning: https://cdn.registerdisney.go.com/v4/bundle/web/MARVEL-MARVEL.COM.WEB/en-US?logLevel=INFO, line 13: unreachable code after return statement
1707736210105	Marionette	INFO	Stopped listening on port 49792
JavaScript warning: https://z.moatads.com/espndfp832188684382/moatad.js#moatClientLevel1=4755471287&moatClientLevel2=2563506655&moatClientLevel3=5355403338&moatClientLevel4=138362752048&moatClientSlicer1=21782482296&moatClientSlicer2=21792465907&zMoatPS=&zMoatSW=&zMoatAdUnitPath=/21783347309/marvel.com/characters&zMoatMData=&zMoatSZ=970x250&zMoatMGV=&zMoatMSafety=&zMoatMMV=, line 74: Script terminated by timeout at:
b/<@https://z.moatads.com/espndfp832188684382/moatad.js#moatClientLevel1=4755471287&moatClientLevel2=2563506655&moatClientLevel3=5355403338&moatClientLevel4=138362752048&moatClientSlicer1=21782482296&moatClientSlicer2=21792465907&zMoatPS=&zMoatSW=&zMoatAdUnitPath=/21783347309/marvel.com/characters&zMoatMData=&zMoatSZ=970x250&zMoatMGV=&zMoatMSafety=&zMoatMMV=:74:291

Dynamically enable window occlusion 1
JavaScript error: , line 0: TypeError: NetworkError when attempting to fetch resource.
JavaScript error: , line 0: TypeError: NetworkError when attempting to fetch resource.
1707736231126	geckodriver	INFO	Listening on 127.0.0.1:49888
1707736234178	mozrunner::runner	INFO	Running command: "C:\\Program Files\\Mozilla Firefox\\firefox.exe" "--marionette" "--remote-debugging-port" "49889" "--remote-allow-hosts" "localhost" "-no-remote" "-profile" "C:\\Users\\vladb\\AppData\\Local\\Temp\\rust_mozprofileXFm319"
console.warn: services.settings: Ignoring preference override of remote settings server
console.warn: services.settings: Allow by setting MOZ_REMOTE_SETTINGS_DEVTOOLS=1 in the environment
1707736234421	Marionette	INFO	Marionette enabled
Dynamically enable window occlusion 0
1707736234477	Marionette	INFO	Listening on port 49896
Read port: 49896
WebDriver BiDi listening on ws://127.0.0.1:49889
1707736234524	RemoteAgent	WARN	TLS certificate errors will be ignored for this session
DevTools listening on ws://127.0.0.1:49889/devtools/browser/940ba8cd-3e58-4416-9e8b-77d2bfbd218a
console.error: ({})
JavaScript warning: https://cdn.registerdisney.go.com/v4/bundle/web/MARVEL-MARVEL.COM.WEB/en-US?logLevel=INFO, line 13: unreachable code after return statement
JavaScript warning: https://z.moatads.com/espndfp832188684382/moatad.js#moatClientLevel1=4755471287&moatClientLevel2=2563506655&moatClientLevel3=5355403338&moatClientLevel4=138362752048&moatClientSlicer1=21782482296&moatClientSlicer2=21792465907&zMoatPS=&zMoatSW=&zMoatAdUnitPath=/21783347309/marvel.com/characters&zMoatMData=&zMoatSZ=970x250&zMoatMGV=&zMoatMSafety=&zMoatMMV=, line 334: WEBGL_debug_renderer_info is deprecated in Firefox and will be removed. Please use RENDERER.
JavaScript warning: https://pagead2.googlesyndication.com/bg/s6Lo-ySsTFszeicWuLCsm9BIHYA2isJaSryvoQutTtY.js line 2 > eval line 5720 > eval line 1 > eval line 1 > eval, line 1: WEBGL_debug_renderer_info is deprecated in Firefox and will be removed. Please use RENDERER.
JavaScript warning: https://pagead2.googlesyndication.com/pagead/managed/js/activeview/current/ufs_web_display.js, line 14: Script terminated by timeout at:
x@https://pagead2.googlesyndication.com/pagead/managed/js/activeview/current/ufs_web_display.js:14:248
Ra.prototype.Yb/<@https://pagead2.googlesyndication.com/pagead/managed/js/activeview/current/ufs_web_display.js:46:263
Gg/</</<@https://pagead2.googlesyndication.com/pagead/managed/js/activeview/current/ufs_web_display.js:136:246
n.Fd@https://pagead2.googlesyndication.com/pagead/managed/js/activeview/current/ufs_web_display.js:78:425
n.next@https://pagead2.googlesyndication.com/pagead/managed/js/activeview/current/ufs_web_display.js:77:439
n.o@https://pagead2.googlesyndication.com/pagead/managed/js/activeview/current/ufs_web_display.js:76:223
n.next@https://pagead2.googlesyndication.com/pagead/managed/js/activeview/current/ufs_web_display.js:75:859
md.prototype.sa@https://pagead2.googlesyndication.com/pagead/managed/js/activeview/current/ufs_web_display.js:96:172
Yc.prototype.o@https://pagead2.googlesyndication.com/pagead/managed/js/activeview/current/ufs_web_display.js:90:1054
n.next@https://pagead2.googlesyndication.com/pagead/managed/js/activeview/current/ufs_web_display.js:75:859
pd/</<@https://pagead2.googlesyndication.com/pagead/managed/js/activeview/current/ufs_web_display.js:96:671

1707736247703	Marionette	INFO	Stopped listening on port 49896
Dynamically enable window occlusion 1
JavaScript error: , line 0: TypeError: NetworkError when attempting to fetch resource.
JavaScript error: , line 0: TypeError: NetworkError when attempting to fetch resource.
1707736442259	geckodriver	INFO	Listening on 127.0.0.1:50104
1707736445279	mozrunner::runner	INFO	Running command: "C:\\Program Files\\Mozilla Firefox\\firefox.exe" "--marionette" "--remote-debugging-port" "50105" "--remote-allow-hosts" "localhost" "-no-remote" "-profile" "C:\\Users\\vladb\\AppData\\Local\\Temp\\rust_mozprofileYg6Nar"
console.warn: services.settings: Ignoring preference override of remote settings server
console.warn: services.settings: Allow by setting MOZ_REMOTE_SETTINGS_DEVTOOLS=1 in the environment
1707736445532	Marionette	INFO	Marionette enabled
Dynamically enable window occlusion 0
1707736445589	Marionette	INFO	Listening on port 50112
WebDriver BiDi listening on ws://127.0.0.1:50105
Read port: 50112
1707736445740	RemoteAgent	WARN	TLS certificate errors will be ignored for this session
DevTools listening on ws://127.0.0.1:50105/devtools/browser/b471de75-3c7f-4950-83e8-b39ab9f99e81
console.error: ({})
JavaScript warning: https://cdn.registerdisney.go.com/v4/bundle/web/MARVEL-MARVEL.COM.WEB/en-US?logLevel=INFO, line 13: unreachable code after return statement
JavaScript warning: https://z.moatads.com/espndfp832188684382/moatad.js#moatClientLevel1=4755471287&moatClientLevel2=2563506655&moatClientLevel3=5355403338&moatClientLevel4=138362752048&moatClientSlicer1=21782482296&moatClientSlicer2=21792465907&zMoatPS=&zMoatSW=&zMoatAdUnitPath=/21783347309/marvel.com/characters&zMoatMData=&zMoatSZ=970x250&zMoatMGV=&zMoatMSafety=&zMoatMMV=, line 334: WEBGL_debug_renderer_info is deprecated in Firefox and will be removed. Please use RENDERER.
JavaScript warning: https://pagead2.googlesyndication.com/bg/s6Lo-ySsTFszeicWuLCsm9BIHYA2isJaSryvoQutTtY.js line 2 > eval line 4549 > eval line 1 > eval line 1 > eval, line 1: WEBGL_debug_renderer_info is deprecated in Firefox and will be removed. Please use RENDERER.
JavaScript warning: https://www.marvel.com/characters, line 2: Script terminated by timeout at:
nrWrapper@https://www.marvel.com/characters:2:16386

1707736455944	Marionette	INFO	Stopped listening on port 50112
Dynamically enable window occlusion 1
JavaScript error: , line 0: TypeError: NetworkError when attempting to fetch resource.
JavaScript error: , line 0: TypeError: NetworkError when attempting to fetch resource.
1707736664961	geckodriver	INFO	Listening on 127.0.0.1:50229
1707736668006	mozrunner::runner	INFO	Running command: "C:\\Program Files\\Mozilla Firefox\\firefox.exe" "--marionette" "--remote-debugging-port" "50230" "--remote-allow-hosts" "localhost" "-no-remote" "-profile" "C:\\Users\\vladb\\AppData\\Local\\Temp\\rust_mozprofile2qmasC"
console.warn: services.settings: Ignoring preference override of remote settings server
console.warn: services.settings: Allow by setting MOZ_REMOTE_SETTINGS_DEVTOOLS=1 in the environment
1707736668251	Marionette	INFO	Marionette enabled
Dynamically enable window occlusion 0
1707736668309	Marionette	INFO	Listening on port 50237
WebDriver BiDi listening on ws://127.0.0.1:50230
Read port: 50237
1707736668461	RemoteAgent	WARN	TLS certificate errors will be ignored for this session
DevTools listening on ws://127.0.0.1:50230/devtools/browser/244dbb1d-f532-4c8f-816e-4b873b5cd2da
console.error: ({})
JavaScript warning: https://cdn.registerdisney.go.com/v4/bundle/web/MARVEL-MARVEL.COM.WEB/en-US?logLevel=INFO, line 13: unreachable code after return statement
JavaScript warning: https://pagead2.googlesyndication.com/bg/s6Lo-ySsTFszeicWuLCsm9BIHYA2isJaSryvoQutTtY.js line 2 > eval line 2335 > eval line 1 > eval line 1 > eval, line 1: WEBGL_debug_renderer_info is deprecated in Firefox and will be removed. Please use RENDERER.
JavaScript warning: https://z.moatads.com/espndfp832188684382/moatad.js#moatClientLevel1=4755471287&moatClientLevel2=2563506655&moatClientLevel3=5355403338&moatClientLevel4=138362440701&moatClientSlicer1=21782482296&moatClientSlicer2=21792465907&zMoatPS=&zMoatSW=&zMoatAdUnitPath=/21783347309/marvel.com/characters&zMoatMData=&zMoatSZ=728x90&zMoatMGV=&zMoatMSafety=&zMoatMMV=, line 334: WEBGL_debug_renderer_info is deprecated in Firefox and will be removed. Please use RENDERER.
1707736678824	Marionette	INFO	Stopped listening on port 50237
JavaScript warning: https://z.moatads.com/espndfp832188684382/moatad.js#moatClientLevel1=4755471287&moatClientLevel2=2563506655&moatClientLevel3=5355403338&moatClientLevel4=138362440701&moatClientSlicer1=21782482296&moatClientSlicer2=21792465907&zMoatPS=&zMoatSW=&zMoatAdUnitPath=/21783347309/marvel.com/characters&zMoatMData=&zMoatSZ=728x90&zMoatMGV=&zMoatMSafety=&zMoatMMV=, line 74: Script terminated by timeout at:
b/<@https://z.moatads.com/espndfp832188684382/moatad.js#moatClientLevel1=4755471287&moatClientLevel2=2563506655&moatClientLevel3=5355403338&moatClientLevel4=138362440701&moatClientSlicer1=21782482296&moatClientSlicer2=21792465907&zMoatPS=&zMoatSW=&zMoatAdUnitPath=/21783347309/marvel.com/characters&zMoatMData=&zMoatSZ=728x90&zMoatMGV=&zMoatMSafety=&zMoatMMV=:74:291

JavaScript warning: https://www.gstatic.com/recaptcha/releases/x5WWoE57Fv0d6ATKsLDIAKnt/recaptcha__en.js, line 997: Script terminated by timeout at:
TF.prototype.oY@https://www.gstatic.com/recaptcha/releases/x5WWoE57Fv0d6ATKsLDIAKnt/recaptcha__en.js:997:260

Dynamically enable window occlusion 1
JavaScript error: , line 0: TypeError: NetworkError when attempting to fetch resource.
JavaScript error: , line 0: TypeError: NetworkError when attempting to fetch resource.
1707737303199	geckodriver	INFO	Listening on 127.0.0.1:50398
1707737306231	mozrunner::runner	INFO	Running command: "C:\\Program Files\\Mozilla Firefox\\firefox.exe" "--marionette" "--remote-debugging-port" "50399" "--remote-allow-hosts" "localhost" "-no-remote" "-profile" "C:\\Users\\vladb\\AppData\\Local\\Temp\\rust_mozprofileaZ7h1C"
console.warn: services.settings: Ignoring preference override of remote settings server
console.warn: services.settings: Allow by setting MOZ_REMOTE_SETTINGS_DEVTOOLS=1 in the environment
1707737306476	Marionette	INFO	Marionette enabled
Dynamically enable window occlusion 0
1707737306534	Marionette	INFO	Listening on port 50406
WebDriver BiDi listening on ws://127.0.0.1:50399
Read port: 50406
1707737306681	RemoteAgent	WARN	TLS certificate errors will be ignored for this session
DevTools listening on ws://127.0.0.1:50399/devtools/browser/4f7fc9ce-4f83-47ae-8c7c-695df6fb00ba
console.error: ({})
JavaScript warning: https://z.moatads.com/espndfp832188684382/moatad.js#moatClientLevel1=4755471287&moatClientLevel2=2563506655&moatClientLevel3=5355403338&moatClientLevel4=138362440701&moatClientSlicer1=21782482296&moatClientSlicer2=21792465907&zMoatPS=&zMoatSW=&zMoatAdUnitPath=/21783347309/marvel.com/characters&zMoatMData=&zMoatSZ=728x90&zMoatMGV=&zMoatMSafety=&zMoatMMV=, line 334: WEBGL_debug_renderer_info is deprecated in Firefox and will be removed. Please use RENDERER.
JavaScript warning: https://cdn.registerdisney.go.com/v4/bundle/web/MARVEL-MARVEL.COM.WEB/en-US?logLevel=INFO, line 13: unreachable code after return statement
JavaScript warning: https://pagead2.googlesyndication.com/bg/s6Lo-ySsTFszeicWuLCsm9BIHYA2isJaSryvoQutTtY.js line 2 > eval line 6138 > eval line 1 > eval line 1 > eval, line 1: WEBGL_debug_renderer_info is deprecated in Firefox and will be removed. Please use RENDERER.
1707737313245	Marionette	INFO	Stopped listening on port 50406
JavaScript warning: https://z.moatads.com/espndfp832188684382/moatad.js#moatClientLevel1=4755471287&moatClientLevel2=2563506655&moatClientLevel3=5355403338&moatClientLevel4=138362752048&moatClientSlicer1=21782482296&moatClientSlicer2=21792465907&zMoatPS=&zMoatSW=&zMoatAdUnitPath=/21783347309/marvel.com/characters&zMoatMData=&zMoatSZ=970x250&zMoatMGV=&zMoatMSafety=&zMoatMMV=, line 74: Script terminated by timeout at:
b/<@https://z.moatads.com/espndfp832188684382/moatad.js#moatClientLevel1=4755471287&moatClientLevel2=2563506655&moatClientLevel3=5355403338&moatClientLevel4=138362752048&moatClientSlicer1=21782482296&moatClientSlicer2=21792465907&zMoatPS=&zMoatSW=&zMoatAdUnitPath=/21783347309/marvel.com/characters&zMoatMData=&zMoatSZ=970x250&zMoatMGV=&zMoatMSafety=&zMoatMMV=:74:291

Dynamically enable window occlusion 1
JavaScript error: , line 0: TypeError: NetworkError when attempting to fetch resource.
JavaScript error: , line 0: TypeError: NetworkError when attempting to fetch resource.
1707737385918	geckodriver	INFO	Listening on 127.0.0.1:50518
1707737388942	mozrunner::runner	INFO	Running command: "C:\\Program Files\\Mozilla Firefox\\firefox.exe" "--marionette" "--remote-debugging-port" "50519" "--remote-allow-hosts" "localhost" "-no-remote" "-profile" "C:\\Users\\vladb\\AppData\\Local\\Temp\\rust_mozprofilein0IjM"
console.warn: services.settings: Ignoring preference override of remote settings server
console.warn: services.settings: Allow by setting MOZ_REMOTE_SETTINGS_DEVTOOLS=1 in the environment
1707737389192	Marionette	INFO	Marionette enabled
Dynamically enable window occlusion 0
1707737389248	Marionette	INFO	Listening on port 50526
WebDriver BiDi listening on ws://127.0.0.1:50519
Read port: 50526
1707737389388	RemoteAgent	WARN	TLS certificate errors will be ignored for this session
DevTools listening on ws://127.0.0.1:50519/devtools/browser/1386d90c-af84-4c6c-a009-ce5220f230c2
console.error: ({})
JavaScript warning: https://cdn.registerdisney.go.com/v4/bundle/web/MARVEL-MARVEL.COM.WEB/en-US?logLevel=INFO, line 13: unreachable code after return statement
JavaScript warning: https://z.moatads.com/espndfp832188684382/moatad.js#moatClientLevel1=4755471287&moatClientLevel2=2563506655&moatClientLevel3=5355403338&moatClientLevel4=138362752048&moatClientSlicer1=21782482296&moatClientSlicer2=21792465907&zMoatPS=&zMoatSW=&zMoatAdUnitPath=/21783347309/marvel.com/characters&zMoatMData=&zMoatSZ=970x250&zMoatMGV=&zMoatMSafety=&zMoatMMV=, line 334: WEBGL_debug_renderer_info is deprecated in Firefox and will be removed. Please use RENDERER.
JavaScript warning: https://pagead2.googlesyndication.com/bg/s6Lo-ySsTFszeicWuLCsm9BIHYA2isJaSryvoQutTtY.js line 2 > eval line 4964 > eval line 1 > eval line 1 > eval, line 1: WEBGL_debug_renderer_info is deprecated in Firefox and will be removed. Please use RENDERER.
1707737396024	Marionette	INFO	Stopped listening on port 50526
JavaScript warning: https://z.moatads.com/espndfp832188684382/moatad.js#moatClientLevel1=4755471287&moatClientLevel2=2563506655&moatClientLevel3=5355403338&moatClientLevel4=138362752048&moatClientSlicer1=21782482296&moatClientSlicer2=21792465907&zMoatPS=&zMoatSW=&zMoatAdUnitPath=/21783347309/marvel.com/characters&zMoatMData=&zMoatSZ=970x250&zMoatMGV=&zMoatMSafety=&zMoatMMV=, line 74: Script terminated by timeout at:
b/<@https://z.moatads.com/espndfp832188684382/moatad.js#moatClientLevel1=4755471287&moatClientLevel2=2563506655&moatClientLevel3=5355403338&moatClientLevel4=138362752048&moatClientSlicer1=21782482296&moatClientSlicer2=21792465907&zMoatPS=&zMoatSW=&zMoatAdUnitPath=/21783347309/marvel.com/characters&zMoatMData=&zMoatSZ=970x250&zMoatMGV=&zMoatMSafety=&zMoatMMV=:74:291

Dynamically enable window occlusion 1
JavaScript error: , line 0: TypeError: NetworkError when attempting to fetch resource.
JavaScript error: , line 0: TypeError: NetworkError when attempting to fetch resource.
1707737461461	geckodriver	INFO	Listening on 127.0.0.1:50624
1707737464511	mozrunner::runner	INFO	Running command: "C:\\Program Files\\Mozilla Firefox\\firefox.exe" "--marionette" "--remote-debugging-port" "50625" "--remote-allow-hosts" "localhost" "-no-remote" "-profile" "C:\\Users\\vladb\\AppData\\Local\\Temp\\rust_mozprofileyEOETu"
console.warn: services.settings: Ignoring preference override of remote settings server
console.warn: services.settings: Allow by setting MOZ_REMOTE_SETTINGS_DEVTOOLS=1 in the environment
1707737464752	Marionette	INFO	Marionette enabled
Dynamically enable window occlusion 0
1707737464808	Marionette	INFO	Listening on port 50632
Read port: 50632
WebDriver BiDi listening on ws://127.0.0.1:50625
1707737464855	RemoteAgent	WARN	TLS certificate errors will be ignored for this session
DevTools listening on ws://127.0.0.1:50625/devtools/browser/d11cc411-ec1c-4f62-b786-5042c9f22ee5
console.error: ({})
JavaScript warning: https://z.moatads.com/espndfp832188684382/moatad.js#moatClientLevel1=4755471287&moatClientLevel2=2563506655&moatClientLevel3=5355403338&moatClientLevel4=138362440701&moatClientSlicer1=21782482296&moatClientSlicer2=21792465907&zMoatPS=&zMoatSW=&zMoatAdUnitPath=/21783347309/marvel.com/characters&zMoatMData=&zMoatSZ=728x90&zMoatMGV=&zMoatMSafety=&zMoatMMV=, line 334: WEBGL_debug_renderer_info is deprecated in Firefox and will be removed. Please use RENDERER.
JavaScript warning: https://pagead2.googlesyndication.com/bg/s6Lo-ySsTFszeicWuLCsm9BIHYA2isJaSryvoQutTtY.js line 2 > eval line 3119 > eval line 1 > eval line 1 > eval, line 1: WEBGL_debug_renderer_info is deprecated in Firefox and will be removed. Please use RENDERER.
JavaScript warning: https://cdn.registerdisney.go.com/v4/bundle/web/MARVEL-MARVEL.COM.WEB/en-US?logLevel=INFO, line 13: unreachable code after return statement
1707737471384	Marionette	INFO	Stopped listening on port 50632
JavaScript warning: https://www.marvel.com/characters, line 2: Script terminated by timeout at:
nrWrapper@https://www.marvel.com/characters:2:16357

JavaScript warning: https://www.gstatic.com/recaptcha/releases/x5WWoE57Fv0d6ATKsLDIAKnt/recaptcha__en.js, line 569: Script terminated by timeout at:
rf@https://www.gstatic.com/recaptcha/releases/x5WWoE57Fv0d6ATKsLDIAKnt/recaptcha__en.js:569:371
@https://www.gstatic.com/recaptcha/releases/x5WWoE57Fv0d6ATKsLDIAKnt/recaptcha__en.js:989:399

Dynamically enable window occlusion 1
JavaScript error: , line 0: TypeError: NetworkError when attempting to fetch resource.
JavaScript error: , line 0: TypeError: NetworkError when attempting to fetch resource.
1707737500094	geckodriver	INFO	Listening on 127.0.0.1:50731
1707737503149	mozrunner::runner	INFO	Running command: "C:\\Program Files\\Mozilla Firefox\\firefox.exe" "--marionette" "--remote-debugging-port" "50732" "--remote-allow-hosts" "localhost" "-no-remote" "-profile" "C:\\Users\\vladb\\AppData\\Local\\Temp\\rust_mozprofilerh9YXj"
console.warn: services.settings: Ignoring preference override of remote settings server
console.warn: services.settings: Allow by setting MOZ_REMOTE_SETTINGS_DEVTOOLS=1 in the environment
1707737503393	Marionette	INFO	Marionette enabled
Dynamically enable window occlusion 0
1707737503450	Marionette	INFO	Listening on port 50739
Read port: 50739
WebDriver BiDi listening on ws://127.0.0.1:50732
1707737503499	RemoteAgent	WARN	TLS certificate errors will be ignored for this session
DevTools listening on ws://127.0.0.1:50732/devtools/browser/e424fe68-aad7-4d59-90f8-631c267aeff0
console.error: ({})
JavaScript warning: https://z.moatads.com/espndfp832188684382/moatad.js#moatClientLevel1=4755471287&moatClientLevel2=2563506655&moatClientLevel3=5355403338&moatClientLevel4=138362752048&moatClientSlicer1=21782482296&moatClientSlicer2=21792465907&zMoatPS=&zMoatSW=&zMoatAdUnitPath=/21783347309/marvel.com/characters&zMoatMData=&zMoatSZ=970x250&zMoatMGV=&zMoatMSafety=&zMoatMMV=, line 334: WEBGL_debug_renderer_info is deprecated in Firefox and will be removed. Please use RENDERER.
JavaScript warning: https://pagead2.googlesyndication.com/bg/s6Lo-ySsTFszeicWuLCsm9BIHYA2isJaSryvoQutTtY.js line 2 > eval line 629 > eval line 1 > eval line 1 > eval, line 1: WEBGL_debug_renderer_info is deprecated in Firefox and will be removed. Please use RENDERER.
JavaScript warning: https://cdn.registerdisney.go.com/v4/bundle/web/MARVEL-MARVEL.COM.WEB/en-US?logLevel=INFO, line 13: unreachable code after return statement
1707737510014	Marionette	INFO	Stopped listening on port 50739
JavaScript warning: https://www.marvel.com/characters, line 2: Script terminated by timeout at:
nrWrapper@https://www.marvel.com/characters:2:16357

Dynamically enable window occlusion 1
JavaScript error: , line 0: TypeError: NetworkError when attempting to fetch resource.
JavaScript error: , line 0: TypeError: NetworkError when attempting to fetch resource.
1707737627048	geckodriver	INFO	Listening on 127.0.0.1:50896
1707737630074	mozrunner::runner	INFO	Running command: "C:\\Program Files\\Mozilla Firefox\\firefox.exe" "--marionette" "--remote-debugging-port" "50897" "--remote-allow-hosts" "localhost" "-no-remote" "-profile" "C:\\Users\\vladb\\AppData\\Local\\Temp\\rust_mozprofile9MQfY3"
console.warn: services.settings: Ignoring preference override of remote settings server
console.warn: services.settings: Allow by setting MOZ_REMOTE_SETTINGS_DEVTOOLS=1 in the environment
1707737630320	Marionette	INFO	Marionette enabled
Dynamically enable window occlusion 0
1707737630377	Marionette	INFO	Listening on port 50904
WebDriver BiDi listening on ws://127.0.0.1:50897
Read port: 50904
1707737630524	RemoteAgent	WARN	TLS certificate errors will be ignored for this session
DevTools listening on ws://127.0.0.1:50897/devtools/browser/ab38a2b4-efa3-41bd-a174-4bd946101b52
console.error: ({})
JavaScript warning: https://z.moatads.com/espndfp832188684382/moatad.js#moatClientLevel1=4755471287&moatClientLevel2=2563506655&moatClientLevel3=5355403338&moatClientLevel4=138362440701&moatClientSlicer1=21782482296&moatClientSlicer2=21792465907&zMoatPS=&zMoatSW=&zMoatAdUnitPath=/21783347309/marvel.com/characters&zMoatMData=&zMoatSZ=728x90&zMoatMGV=&zMoatMSafety=&zMoatMMV=, line 334: WEBGL_debug_renderer_info is deprecated in Firefox and will be removed. Please use RENDERER.
JavaScript warning: https://pagead2.googlesyndication.com/bg/s6Lo-ySsTFszeicWuLCsm9BIHYA2isJaSryvoQutTtY.js line 2 > eval line 446 > eval line 1 > eval line 1 > eval, line 1: WEBGL_debug_renderer_info is deprecated in Firefox and will be removed. Please use RENDERER.
JavaScript warning: https://cdn.registerdisney.go.com/v4/bundle/web/MARVEL-MARVEL.COM.WEB/en-US?logLevel=INFO, line 13: unreachable code after return statement
1707737637023	Marionette	INFO	Stopped listening on port 50904
JavaScript warning: https://www.marvel.com/characters, line 2: Script terminated by timeout at:
nrWrapper@https://www.marvel.com/characters:2:16357

JavaScript warning: https://www.gstatic.com/recaptcha/releases/x5WWoE57Fv0d6ATKsLDIAKnt/recaptcha__en.js, line 997: Script terminated by timeout at:
TF.prototype.oY@https://www.gstatic.com/recaptcha/releases/x5WWoE57Fv0d6ATKsLDIAKnt/recaptcha__en.js:997:260

Dynamically enable window occlusion 1
JavaScript error: , line 0: TypeError: NetworkError when attempting to fetch resource.
JavaScript error: , line 0: TypeError: NetworkError when attempting to fetch resource.
1707737690280	geckodriver	INFO	Listening on 127.0.0.1:51046
1707737693320	mozrunner::runner	INFO	Running command: "C:\\Program Files\\Mozilla Firefox\\firefox.exe" "--marionette" "--remote-debugging-port" "51047" "--remote-allow-hosts" "localhost" "-no-remote" "-profile" "C:\\Users\\vladb\\AppData\\Local\\Temp\\rust_mozprofile4PiiNN"
console.warn: services.settings: Ignoring preference override of remote settings server
console.warn: services.settings: Allow by setting MOZ_REMOTE_SETTINGS_DEVTOOLS=1 in the environment
1707737693565	Marionette	INFO	Marionette enabled
Dynamically enable window occlusion 0
1707737693622	Marionette	INFO	Listening on port 51054
Read port: 51054
WebDriver BiDi listening on ws://127.0.0.1:51047
1707737693668	RemoteAgent	WARN	TLS certificate errors will be ignored for this session
DevTools listening on ws://127.0.0.1:51047/devtools/browser/10e02365-083b-49f9-a9a7-e0f56a1fb52e
console.error: ({})
JavaScript warning: https://z.moatads.com/espndfp832188684382/moatad.js#moatClientLevel1=4755471287&moatClientLevel2=2563506655&moatClientLevel3=5355403338&moatClientLevel4=138362440701&moatClientSlicer1=21782482296&moatClientSlicer2=21792465907&zMoatPS=&zMoatSW=&zMoatAdUnitPath=/21783347309/marvel.com/characters&zMoatMData=&zMoatSZ=728x90&zMoatMGV=&zMoatMSafety=&zMoatMMV=, line 334: WEBGL_debug_renderer_info is deprecated in Firefox and will be removed. Please use RENDERER.
JavaScript warning: https://cdn.registerdisney.go.com/v4/bundle/web/MARVEL-MARVEL.COM.WEB/en-US?logLevel=INFO, line 13: unreachable code after return statement
JavaScript warning: https://pagead2.googlesyndication.com/bg/s6Lo-ySsTFszeicWuLCsm9BIHYA2isJaSryvoQutTtY.js line 2 > eval line 6234 > eval line 1 > eval line 1 > eval, line 1: WEBGL_debug_renderer_info is deprecated in Firefox and will be removed. Please use RENDERER.
1707737700435	Marionette	INFO	Stopped listening on port 51054
JavaScript warning: https://www.marvel.com/characters, line 2: Script terminated by timeout at:
nrWrapper@https://www.marvel.com/characters:2:16357

Dynamically enable window occlusion 1
JavaScript error: , line 0: TypeError: NetworkError when attempting to fetch resource.
JavaScript error: , line 0: TypeError: NetworkError when attempting to fetch resource.
1707737983562	geckodriver	INFO	Listening on 127.0.0.1:51231
1707737986601	mozrunner::runner	INFO	Running command: "C:\\Program Files\\Mozilla Firefox\\firefox.exe" "--marionette" "--remote-debugging-port" "51232" "--remote-allow-hosts" "localhost" "-no-remote" "-profile" "C:\\Users\\vladb\\AppData\\Local\\Temp\\rust_mozprofileOOOdsh"
console.warn: services.settings: Ignoring preference override of remote settings server
console.warn: services.settings: Allow by setting MOZ_REMOTE_SETTINGS_DEVTOOLS=1 in the environment
1707737986846	Marionette	INFO	Marionette enabled
Dynamically enable window occlusion 0
1707737986902	Marionette	INFO	Listening on port 51239
WebDriver BiDi listening on ws://127.0.0.1:51232
Read port: 51239
1707737987041	RemoteAgent	WARN	TLS certificate errors will be ignored for this session
DevTools listening on ws://127.0.0.1:51232/devtools/browser/a00b07db-b2f9-46ca-a6c0-180c12cfb6ad
console.error: ({})
JavaScript warning: https://cdn.registerdisney.go.com/v4/bundle/web/MARVEL-MARVEL.COM.WEB/en-US?logLevel=INFO, line 13: unreachable code after return statement
JavaScript warning: https://z.moatads.com/espndfp832188684382/moatad.js#moatClientLevel1=4755471287&moatClientLevel2=2563506655&moatClientLevel3=5355403338&moatClientLevel4=138362440701&moatClientSlicer1=21782482296&moatClientSlicer2=21792465907&zMoatPS=&zMoatSW=&zMoatAdUnitPath=/21783347309/marvel.com/characters&zMoatMData=&zMoatSZ=728x90&zMoatMGV=&zMoatMSafety=&zMoatMMV=, line 334: WEBGL_debug_renderer_info is deprecated in Firefox and will be removed. Please use RENDERER.
JavaScript warning: https://pagead2.googlesyndication.com/bg/s6Lo-ySsTFszeicWuLCsm9BIHYA2isJaSryvoQutTtY.js line 2 > eval line 1441 > eval line 1 > eval line 1 > eval, line 1: WEBGL_debug_renderer_info is deprecated in Firefox and will be removed. Please use RENDERER.
1707737993933	Marionette	INFO	Stopped listening on port 51239
JavaScript warning: https://z.moatads.com/espndfp832188684382/moatad.js#moatClientLevel1=4755471287&moatClientLevel2=2563506655&moatClientLevel3=5355403338&moatClientLevel4=138362752048&moatClientSlicer1=21782482296&moatClientSlicer2=21792465907&zMoatPS=&zMoatSW=&zMoatAdUnitPath=/21783347309/marvel.com/characters&zMoatMData=&zMoatSZ=970x250&zMoatMGV=&zMoatMSafety=&zMoatMMV=, line 74: Script terminated by timeout at:
b/<@https://z.moatads.com/espndfp832188684382/moatad.js#moatClientLevel1=4755471287&moatClientLevel2=2563506655&moatClientLevel3=5355403338&moatClientLevel4=138362752048&moatClientSlicer1=21782482296&moatClientSlicer2=21792465907&zMoatPS=&zMoatSW=&zMoatAdUnitPath=/21783347309/marvel.com/characters&zMoatMData=&zMoatSZ=970x250&zMoatMGV=&zMoatMSafety=&zMoatMMV=:74:291

Dynamically enable window occlusion 1
JavaScript error: , line 0: TypeError: NetworkError when attempting to fetch resource.
JavaScript error: , line 0: TypeError: NetworkError when attempting to fetch resource.
1707771549771	geckodriver	INFO	Listening on 127.0.0.1:57971
1707771552805	mozrunner::runner	INFO	Running command: "C:\\Program Files\\Mozilla Firefox\\firefox.exe" "--marionette" "--remote-debugging-port" "57972" "--remote-allow-hosts" "localhost" "-no-remote" "-profile" "C:\\Users\\vladb\\AppData\\Local\\Temp\\rust_mozprofileQ9Coo5"
console.warn: services.settings: Ignoring preference override of remote settings server
console.warn: services.settings: Allow by setting MOZ_REMOTE_SETTINGS_DEVTOOLS=1 in the environment
1707771553106	Marionette	INFO	Marionette enabled
Dynamically enable window occlusion 0
1707771553180	Marionette	INFO	Listening on port 57980
WebDriver BiDi listening on ws://127.0.0.1:57972
Read port: 57980
1707771553354	RemoteAgent	WARN	TLS certificate errors will be ignored for this session
DevTools listening on ws://127.0.0.1:57972/devtools/browser/52efd048-ac08-4b12-9cb4-625b3556c353
console.error: ({})
JavaScript warning: https://z.moatads.com/espndfp832188684382/moatad.js#moatClientLevel1=4755471287&moatClientLevel2=2563506655&moatClientLevel3=5355403338&moatClientLevel4=138362752048&moatClientSlicer1=21782482296&moatClientSlicer2=21792465907&zMoatPS=&zMoatSW=&zMoatAdUnitPath=/21783347309/marvel.com/characters&zMoatMData=&zMoatSZ=970x250&zMoatMGV=&zMoatMSafety=&zMoatMMV=, line 334: WEBGL_debug_renderer_info is deprecated in Firefox and will be removed. Please use RENDERER.
JavaScript warning: https://pagead2.googlesyndication.com/bg/s6Lo-ySsTFszeicWuLCsm9BIHYA2isJaSryvoQutTtY.js line 2 > eval line 6098 > eval line 1 > eval line 1 > eval, line 1: WEBGL_debug_renderer_info is deprecated in Firefox and will be removed. Please use RENDERER.
JavaScript warning: https://cdn.registerdisney.go.com/v4/bundle/web/MARVEL-MARVEL.COM.WEB/en-US?logLevel=INFO, line 13: unreachable code after return statement
1707771560562	Marionette	INFO	Stopped listening on port 57980
JavaScript warning: https://z.moatads.com/espndfp832188684382/moatad.js#moatClientLevel1=4755471287&moatClientLevel2=2563506655&moatClientLevel3=5355403338&moatClientLevel4=138362440701&moatClientSlicer1=21782482296&moatClientSlicer2=21792465907&zMoatPS=&zMoatSW=&zMoatAdUnitPath=/21783347309/marvel.com/characters&zMoatMData=&zMoatSZ=728x90&zMoatMGV=&zMoatMSafety=&zMoatMMV=, line 30: Script terminated by timeout at:
K@https://z.moatads.com/espndfp832188684382/moatad.js#moatClientLevel1=4755471287&moatClientLevel2=2563506655&moatClientLevel3=5355403338&moatClientLevel4=138362440701&moatClientSlicer1=21782482296&moatClientSlicer2=21792465907&zMoatPS=&zMoatSW=&zMoatAdUnitPath=/21783347309/marvel.com/characters&zMoatMData=&zMoatSZ=728x90&zMoatMGV=&zMoatMSafety=&zMoatMMV=:30:347
a.b.ff@https://z.moatads.com/espndfp832188684382/moatad.js#moatClientLevel1=4755471287&moatClientLevel2=2563506655&moatClientLevel3=5355403338&moatClientLevel4=138362440701&moatClientSlicer1=21782482296&moatClientSlicer2=21792465907&zMoatPS=&zMoatSW=&zMoatAdUnitPath=/21783347309/marvel.com/characters&zMoatMData=&zMoatSZ=728x90&zMoatMGV=&zMoatMSafety=&zMoatMMV=:69:218
f@https://z.moatads.com/espndfp832188684382/moatad.js#moatClientLevel1=4755471287&moatClientLevel2=2563506655&moatClientLevel3=5355403338&moatClientLevel4=138362440701&moatClientSlicer1=21782482296&moatClientSlicer2=21792465907&zMoatPS=&zMoatSW=&zMoatAdUnitPath=/21783347309/marvel.com/characters&zMoatMData=&zMoatSZ=728x90&zMoatMGV=&zMoatMSafety=&zMoatMMV=:382:291
a.b.dl/<@https://z.moatads.com/espndfp832188684382/moatad.js#moatClientLevel1=4755471287&moatClientLevel2=2563506655&moatClientLevel3=5355403338&moatClientLevel4=138362440701&moatClientSlicer1=21782482296&moatClientSlicer2=21792465907&zMoatPS=&zMoatSW=&zMoatAdUnitPath=/21783347309/marvel.com/characters&zMoatMData=&zMoatSZ=728x90&zMoatMGV=&zMoatMSafety=&zMoatMMV=:56:273
a.xa.sode.prototype.zaxs@https://z.moatads.com/espndfp832188684382/moatad.js#moatClientLevel1=4755471287&moatClientLevel2=2563506655&moatClientLevel3=5355403338&moatClientLevel4=138362752048&moatClientSlicer1=21782482296&moatClientSlicer2=21792465907&zMoatPS=&zMoatSW=&zMoatAdUnitPath=/21783347309/marvel.com/characters&zMoatMData=&zMoatSZ=970x250&zMoatMGV=&zMoatMSafety=&zMoatMMV= line 59 > eval:4:415
c@https://z.moatads.com/espndfp832188684382/moatad.js#moatClientLevel1=4755471287&moatClientLevel2=2563506655&moatClientLevel3=5355403338&moatClientLevel4=138362440701&moatClientSlicer1=21782482296&moatClientSlicer2=21792465907&zMoatPS=&zMoatSW=&zMoatAdUnitPath=/21783347309/marvel.com/characters&zMoatMData=&zMoatSZ=728x90&zMoatMGV=&zMoatMSafety=&zMoatMMV=:503:58
b/<@https://z.moatads.com/espndfp832188684382/moatad.js#moatClientLevel1=4755471287&moatClientLevel2=2563506655&moatClientLevel3=5355403338&moatClientLevel4=138362440701&moatClientSlicer1=21782482296&moatClientSlicer2=21792465907&zMoatPS=&zMoatSW=&zMoatAdUnitPath=/21783347309/marvel.com/characters&zMoatMData=&zMoatSZ=728x90&zMoatMGV=&zMoatMSafety=&zMoatMMV=:74:319
t/<@https://z.moatads.com/espndfp832188684382/moatad.js#moatClientLevel1=4755471287&moatClientLevel2=2563506655&moatClientLevel3=5355403338&moatClientLevel4=138362440701&moatClientSlicer1=21782482296&moatClientSlicer2=21792465907&zMoatPS=&zMoatSW=&zMoatAdUnitPath=/21783347309/marvel.com/characters&zMoatMData=&zMoatSZ=728x90&zMoatMGV=&zMoatMSafety=&zMoatMMV=:78:328
m/c<@https://z.moatads.com/espndfp832188684382/moatad.js#moatClientLevel1=4755471287&moatClientLevel2=2563506655&moatClientLevel3=5355403338&moatClientLevel4=138362440701&moatClientSlicer1=21782482296&moatClientSlicer2=21792465907&zMoatPS=&zMoatSW=&zMoatAdUnitPath=/21783347309/marvel.com/characters&zMoatMData=&zMoatSZ=728x90&zMoatMGV=&zMoatMSafety=&zMoatMMV=:78:120
b/<@https://z.moatads.com/espndfp832188684382/moatad.js#moatClientLevel1=4755471287&moatClientLevel2=2563506655&moatClientLevel3=5355403338&moatClientLevel4=138362440701&moatClientSlicer1=21782482296&moatClientSlicer2=21792465907&zMoatPS=&zMoatSW=&zMoatAdUnitPath=/21783347309/marvel.com/characters&zMoatMData=&zMoatSZ=728x90&zMoatMGV=&zMoatMSafety=&zMoatMMV=:74:319

Dynamically enable window occlusion 1
JavaScript error: , line 0: TypeError: NetworkError when attempting to fetch resource.
JavaScript error: , line 0: TypeError: NetworkError when attempting to fetch resource.
